<?xml version="1.0" encoding="UTF-8"?>
<!-- Generated by org.testng.reporters.JUnitReportReporter -->
<testsuite hostname="DESKTOP-CM623GF" failures="0" tests="1" name="jenkins.JenkinsFirstclass" time="6.970" errors="0" timestamp="16 Jan 2023 06:15:41 GMT" skipped="0">
  <testcase classname="jenkins.JenkinsFirstclass" name="login" time="6.970"/>
</testsuite> <!-- jenkins.JenkinsFirstclass -->
