<?xml version="1.0" encoding="UTF-8"?>
<!-- Generated by org.testng.reporters.JUnitReportReporter -->
<testsuite hostname="DESKTOP-CM623GF" failures="0" tests="1" name="jenkins.JenkinsFirstclass" time="8.076" errors="0" timestamp="2023-01-11T16:25:34 IST" skipped="0">
  <testcase classname="jenkins.JenkinsFirstclass" name="login" time="8.076"/>
  <system-out/>
</testsuite> <!-- jenkins.JenkinsFirstclass -->
