<?xml version="1.0" encoding="UTF-8"?>
<!-- Generated by org.testng.reporters.JUnitReportReporter -->
<testsuite skipped="0" hostname="DESKTOP-CM623GF" name="jenkins.JenkinsFirstclass" tests="1" failures="0" timestamp="11 Jan 2023 13:32:17 GMT" time="7.923" errors="0">
  <testcase name="login" time="7.923" classname="jenkins.JenkinsFirstclass"/>
</testsuite> <!-- jenkins.JenkinsFirstclass -->
