<?xml version="1.0" encoding="UTF-8"?>
<!-- Generated by org.testng.reporters.JUnitReportReporter -->
<testsuite hostname="DESKTOP-CM623GF" failures="0" tests="1" name="jenkins.JenkinsFirstclass" time="6.314" errors="0" timestamp="13 Jan 2023 06:09:22 GMT" skipped="0">
  <testcase classname="jenkins.JenkinsFirstclass" name="login" time="6.314"/>
</testsuite> <!-- jenkins.JenkinsFirstclass -->
